2019-11-21 10:20:02,277 [Worker-0: Loading available Gradle versions] INFO  o.e.b.c.i.u.g.PublishedGradleVersions - Gradle version information cache is up-to-date. Trying to read.
2019-11-21 19:14:34,941 [Worker-84: Importing Maven projects] INFO  o.e.m.c.i.l.LifecycleMappingFactory - Using org.eclipse.m2e.jdt.JarLifecycleMapping lifecycle mapping for MavenProject: org.sid:light-ecom-v1:0.0.1-SNAPSHOT @ /home/raed/Desktop/angularCrudeJava/MYousif/JEE-EcosystèmesSpAngJWT-E-Commerce-Concepts/solution/enTry/e-commerce-backend-spring-master/pom.xml.
2019-11-21 19:14:36,815 [Worker-84: Importing Maven projects] INFO  o.e.m.j.i.AbstractJavaProjectConfigurator - Adding source folder /light-ecom-v1/src/main/java
2019-11-21 19:14:36,816 [Worker-84: Importing Maven projects] INFO  o.e.m.j.i.AbstractJavaProjectConfigurator - Adding resource folder /light-ecom-v1/src/main/resources
2019-11-21 19:14:36,817 [Worker-84: Importing Maven projects] INFO  o.e.m.j.i.AbstractJavaProjectConfigurator - Adding resource folder /light-ecom-v1/src/main/resources
2019-11-21 19:14:36,817 [Worker-84: Importing Maven projects] INFO  o.e.m.j.i.AbstractJavaProjectConfigurator - Adding source folder /light-ecom-v1/src/test/java
2019-11-21 19:14:37,015 [Worker-84: Importing Maven projects] INFO  o.e.m.c.i.p.ProjectConfigurationManager - Imported and configured 1 project(s) in 4 sec
2019-11-21 19:14:38,964 [Worker-85: Building workspace] INFO  o.e.m.c.i.embedder.EclipseLogger - Using 'UTF-8' encoding to copy filtered resources.
2019-11-21 19:14:38,972 [Worker-85: Building workspace] INFO  o.e.m.c.i.embedder.EclipseLogger - Copying 1 resource
2019-11-21 19:14:38,995 [Worker-85: Building workspace] INFO  o.e.m.c.i.embedder.EclipseLogger - Copying 1 resource
2019-11-21 19:14:39,011 [Worker-85: Building workspace] INFO  o.e.m.c.i.embedder.EclipseLogger - Using 'UTF-8' encoding to copy filtered resources.
2019-11-21 19:14:39,012 [Worker-85: Building workspace] INFO  o.e.m.c.i.embedder.EclipseLogger - skip non existing resourceDirectory /home/raed/Desktop/angularCrudeJava/MYousif/JEE-EcosystèmesSpAngJWT-E-Commerce-Concepts/solution/enTry/e-commerce-backend-spring-master/src/test/resources
2019-11-21 19:15:10,643 [Worker-86: Building workspace] INFO  o.e.m.c.i.embedder.EclipseLogger - Using 'UTF-8' encoding to copy filtered resources.
2019-11-21 19:15:10,645 [Worker-86: Building workspace] INFO  o.e.m.c.i.embedder.EclipseLogger - Copying 0 resource
2019-11-21 19:15:10,645 [Worker-86: Building workspace] INFO  o.e.m.c.i.embedder.EclipseLogger - Copying 0 resource
2019-11-21 19:15:10,648 [Worker-86: Building workspace] INFO  o.e.m.c.i.embedder.EclipseLogger - Using 'UTF-8' encoding to copy filtered resources.
2019-11-21 19:15:10,648 [Worker-86: Building workspace] INFO  o.e.m.c.i.embedder.EclipseLogger - skip non existing resourceDirectory /home/raed/Desktop/angularCrudeJava/MYousif/JEE-EcosystèmesSpAngJWT-E-Commerce-Concepts/solution/enTry/e-commerce-backend-spring-master/src/test/resources
2019-11-21 19:15:18,897 [Worker-85: Building workspace] INFO  o.e.m.c.i.embedder.EclipseLogger - Using 'UTF-8' encoding to copy filtered resources.
2019-11-21 19:15:18,897 [Worker-85: Building workspace] INFO  o.e.m.c.i.embedder.EclipseLogger - Copying 0 resource
2019-11-21 19:15:18,897 [Worker-85: Building workspace] INFO  o.e.m.c.i.embedder.EclipseLogger - Copying 0 resource
2019-11-21 19:15:18,900 [Worker-85: Building workspace] INFO  o.e.m.c.i.embedder.EclipseLogger - Using 'UTF-8' encoding to copy filtered resources.
2019-11-21 19:15:18,900 [Worker-85: Building workspace] INFO  o.e.m.c.i.embedder.EclipseLogger - skip non existing resourceDirectory /home/raed/Desktop/angularCrudeJava/MYousif/JEE-EcosystèmesSpAngJWT-E-Commerce-Concepts/solution/enTry/e-commerce-backend-spring-master/src/test/resources
2019-11-21 19:15:28,611 [Worker-83: Building workspace] INFO  o.e.m.c.i.embedder.EclipseLogger - Using 'UTF-8' encoding to copy filtered resources.
2019-11-21 19:15:28,613 [Worker-83: Building workspace] INFO  o.e.m.c.i.embedder.EclipseLogger - Copying 0 resource
2019-11-21 19:15:28,616 [Worker-83: Building workspace] INFO  o.e.m.c.i.embedder.EclipseLogger - Copying 0 resource
2019-11-21 19:15:28,622 [Worker-83: Building workspace] INFO  o.e.m.c.i.embedder.EclipseLogger - Using 'UTF-8' encoding to copy filtered resources.
2019-11-21 19:15:28,622 [Worker-83: Building workspace] INFO  o.e.m.c.i.embedder.EclipseLogger - skip non existing resourceDirectory /home/raed/Desktop/angularCrudeJava/MYousif/JEE-EcosystèmesSpAngJWT-E-Commerce-Concepts/solution/enTry/e-commerce-backend-spring-master/src/test/resources
2019-11-22 18:44:38,945 [Worker-3: Loading available Gradle versions] INFO  o.e.b.c.i.u.g.PublishedGradleVersions - Gradle version information cache is out-of-date. Trying to update.
2019-11-22 18:45:01,609 [Worker-7: Building workspace] INFO  o.e.m.c.i.embedder.EclipseLogger - Using 'UTF-8' encoding to copy filtered resources.
2019-11-22 18:45:01,613 [Worker-7: Building workspace] INFO  o.e.m.c.i.embedder.EclipseLogger - Copying 1 resource
2019-11-22 18:45:01,631 [Worker-7: Building workspace] INFO  o.e.m.c.i.embedder.EclipseLogger - Copying 0 resource
2019-11-22 18:45:01,636 [Worker-7: Building workspace] INFO  o.e.m.c.i.embedder.EclipseLogger - Using 'UTF-8' encoding to copy filtered resources.
2019-11-22 18:45:01,636 [Worker-7: Building workspace] INFO  o.e.m.c.i.embedder.EclipseLogger - skip non existing resourceDirectory /home/raed/Desktop/angularCrudeJava/MYousif/JEE-EcosystèmesSpAngJWT-E-Commerce-Concepts/solution/enTry/e-commerce-backend-spring-master/src/test/resources
2019-11-24 09:30:20,990 [Worker-2: Loading available Gradle versions] INFO  o.e.b.c.i.u.g.PublishedGradleVersions - Gradle version information cache is out-of-date. Trying to update.
2019-11-24 09:30:32,854 [Worker-9: Building workspace] INFO  o.e.m.c.i.embedder.EclipseLogger - Using 'UTF-8' encoding to copy filtered resources.
2019-11-24 09:30:32,860 [Worker-9: Building workspace] INFO  o.e.m.c.i.embedder.EclipseLogger - Copying 1 resource
2019-11-24 09:30:32,878 [Worker-9: Building workspace] INFO  o.e.m.c.i.embedder.EclipseLogger - Copying 0 resource
2019-11-24 09:30:32,882 [Worker-9: Building workspace] INFO  o.e.m.c.i.embedder.EclipseLogger - Using 'UTF-8' encoding to copy filtered resources.
2019-11-24 09:30:32,882 [Worker-9: Building workspace] INFO  o.e.m.c.i.embedder.EclipseLogger - skip non existing resourceDirectory /home/raed/Desktop/angularCrudeJava/MYousif/JEE-EcosystèmesSpAngJWT-E-Commerce-Concepts/solution/enTry/e-commerce-backend-spring-master/src/test/resources
2019-11-25 11:37:39,662 [Worker-4: Loading available Gradle versions] INFO  o.e.b.c.i.u.g.PublishedGradleVersions - Gradle version information cache is out-of-date. Trying to update.
2019-11-26 09:09:13,210 [Worker-1: Loading available Gradle versions] INFO  o.e.b.c.i.u.g.PublishedGradleVersions - Gradle version information cache is up-to-date. Trying to read.
2019-11-28 10:00:39,146 [Worker-2: Loading available Gradle versions] INFO  o.e.b.c.i.u.g.PublishedGradleVersions - Gradle version information cache is out-of-date. Trying to update.
2019-11-29 09:00:44,335 [Worker-3: Loading available Gradle versions] INFO  o.e.b.c.i.u.g.PublishedGradleVersions - Gradle version information cache is up-to-date. Trying to read.
2019-11-29 09:01:26,058 [Worker-2: Loading available Gradle versions] INFO  o.e.b.c.i.u.g.PublishedGradleVersions - Gradle version information cache is up-to-date. Trying to read.
